[2026-01-30T23:17:58.208Z] GET / - User: Anónimo
[2026-01-30T23:17:58.289Z] GET /favicon.ico - User: Anónimo
[2026-01-30T23:18:10.097Z] GET /login - User: Anónimo
[2026-01-30T23:18:20.325Z] GET /registro - User: Anónimo
[2026-01-30T23:18:22.406Z] GET /preferencias - User: Anónimo
[2026-01-30T23:18:22.430Z] GET /css/style.css - User: Anónimo
[2026-01-30T23:18:30.787Z] POST /preferencias - User: Anónimo
[2026-01-30T23:18:30.794Z] GET /back - User: Anónimo
[2026-01-30T23:18:38.434Z] GET / - User: Anónimo
[2026-01-30T23:18:44.787Z] GET /registro - User: Anónimo
[2026-01-30T23:19:58.017Z] GET /registro - User: Anónimo
[2026-01-30T23:20:14.004Z] GET /.well-known/appspecific/com.chrome.devtools.json - User: Anónimo
[2026-01-30T23:20:43.153Z] POST /registro - User: Anónimo
[2026-01-30T23:20:43.159Z] GET /login - User: Anónimo
[2026-01-30T23:20:48.594Z] POST /login - User: Anónimo
[2026-01-30T23:20:48.601Z] GET /perfil - User: yo.y.punto.spam@gmail.com
[2026-01-30T23:21:27.297Z] GET / - User: yo.y.punto.spam@gmail.com
[2026-01-30T23:21:30.175Z] GET /preferencias - User: yo.y.punto.spam@gmail.com
[2026-01-30T23:21:30.204Z] GET /css/style.css - User: yo.y.punto.spam@gmail.com
[2026-01-30T23:21:31.719Z] GET / - User: yo.y.punto.spam@gmail.com
[2026-01-30T23:21:34.004Z] GET /login - User: yo.y.punto.spam@gmail.com
[2026-01-30T23:21:37.543Z] GET /preferencias - User: yo.y.punto.spam@gmail.com
[2026-01-30T23:21:37.572Z] GET /css/style.css - User: yo.y.punto.spam@gmail.com
[2026-01-30T23:21:44.257Z] POST /preferencias - User: yo.y.punto.spam@gmail.com
[2026-01-30T23:21:44.263Z] GET /back - User: yo.y.punto.spam@gmail.com
[2026-01-30T23:21:52.379Z] GET / - User: yo.y.punto.spam@gmail.com
[2026-01-30T23:22:28.939Z] GET /registro - User: yo.y.punto.spam@gmail.com
[2026-01-30T23:22:30.850Z] GET /login - User: yo.y.punto.spam@gmail.com
[2026-01-30T23:22:34.542Z] GET /registro - User: yo.y.punto.spam@gmail.com
[2026-01-30T23:22:38.950Z] GET /preferencias - User: yo.y.punto.spam@gmail.com
[2026-01-30T23:22:38.979Z] GET /css/style.css - User: yo.y.punto.spam@gmail.com
[2026-01-30T23:24:14.371Z] GET /preferencias - User: yo.y.punto.spam@gmail.com
[2026-01-30T23:24:14.388Z] GET /css/style.css - User: yo.y.punto.spam@gmail.com
[2026-01-30T23:24:47.907Z] GET /preferencias - User: yo.y.punto.spam@gmail.com
[2026-01-30T23:24:47.943Z] GET /css/style.css - User: yo.y.punto.spam@gmail.com
[2026-01-30T23:24:48.364Z] GET /perfil - User: yo.y.punto.spam@gmail.com
[2026-01-30T23:24:50.578Z] GET /logout - User: yo.y.punto.spam@gmail.com
[2026-01-30T23:24:52.406Z] GET /logout - User: yo.y.punto.spam@gmail.com
[2026-01-30T23:24:54.702Z] GET / - User: yo.y.punto.spam@gmail.com
[2026-01-30T23:24:57.302Z] GET /preferencias - User: yo.y.punto.spam@gmail.com
[2026-01-30T23:24:57.326Z] GET /css/style.css - User: yo.y.punto.spam@gmail.com
[2026-01-30T23:24:58.758Z] GET / - User: yo.y.punto.spam@gmail.com
[2026-01-30T23:24:59.842Z] GET /registro - User: yo.y.punto.spam@gmail.com
